
> seido-app@0.1.0 build
> next build

   ▲ Next.js 15.2.4
   - Environments: .env.local

   Creating an optimized production build ...
 ⚠ nodejs runtime support for middleware requires experimental.nodeMiddleware be enabled in your next.config
 ✓ Compiled successfully
   Skipping linting
   Checking validity of types ...
Failed to compile.

./app/admin/dashboard/page.tsx:83:72
Type error: Property 'status' does not exist on type 'ResultOne'.

[0m [90m 81 |[39m[0m
[0m [90m 82 |[39m       [90m// Calcul du chiffre d'affaires simulé (basé sur les interventions)[39m[0m
[0m[31m[1m>[22m[39m[90m 83 |[39m       [36mconst[39m completedInterventions [33m=[39m allInterventions[33m?[39m[33m.[39mfilter((i) [33m=>[39m i[33m.[39mstatus [33m===[39m [32m'cloturee_par_gestionnaire'[39m) [33m||[39m [][0m
[0m [90m    |[39m                                                                        [31m[1m^[22m[39m[0m
[0m [90m 84 |[39m       [36mconst[39m totalRevenue [33m=[39m completedInterventions[33m.[39mlength [33m*[39m [35m450[39m [90m// Simulation: 450€ par intervention[39m[0m
[0m [90m 85 |[39m[0m
[0m [90m 86 |[39m       systemStats [33m=[39m {[0m
Next.js build worker exited with code: 1 and signal: null
